0 info it worked if it ends with ok
1 verbose cli [ '/usr/bin/nodejs', '/usr/bin/npm', 'run', 'dev' ]
2 info using npm@3.10.10
3 info using node@v6.11.0
4 verbose run-script [ 'predev', 'dev', 'postdev' ]
5 info lifecycle webpack-workshop@1.0.0~predev: webpack-workshop@1.0.0
6 silly lifecycle webpack-workshop@1.0.0~predev: no script for predev, continuing
7 info lifecycle webpack-workshop@1.0.0~dev: webpack-workshop@1.0.0
8 verbose lifecycle webpack-workshop@1.0.0~dev: unsafe-perm in lifecycle true
9 verbose lifecycle webpack-workshop@1.0.0~dev: PATH: /usr/lib/node_modules/npm/bin/node-gyp-bin:/home/sasha/Desktop/webpack_config_kottans/node_modules/.bin:/home/sasha/bin:/home/sasha/.local/bin:/home/sasha/bin:/home/sasha/.local/bin:/usr/local/sbin:/usr/local/bin:/usr/sbin:/usr/bin:/sbin:/bin:/usr/games:/usr/local/games:/snap/bin:/snap/bin
10 verbose lifecycle webpack-workshop@1.0.0~dev: CWD: /home/sasha/Desktop/webpack_config_kottans
11 silly lifecycle webpack-workshop@1.0.0~dev: Args: [ '-c', 'webpack-dev-server --hot --inline' ]
12 info lifecycle webpack-workshop@1.0.0~dev: Failed to exec dev script
13 verbose stack Error: webpack-workshop@1.0.0 dev: `webpack-dev-server --hot --inline`
13 verbose stack spawn ENOENT
13 verbose stack     at ChildProcess.<anonymous> (/usr/lib/node_modules/npm/lib/utils/spawn.js:33:16)
13 verbose stack     at emitTwo (events.js:106:13)
13 verbose stack     at ChildProcess.emit (events.js:191:7)
13 verbose stack     at maybeClose (internal/child_process.js:891:16)
13 verbose stack     at Process.ChildProcess._handle.onexit (internal/child_process.js:226:5)
14 verbose pkgid webpack-workshop@1.0.0
15 verbose cwd /home/sasha/Desktop/webpack_config_kottans
16 error Linux 4.10.0-38-generic
17 error argv "/usr/bin/nodejs" "/usr/bin/npm" "run" "dev"
18 error node v6.11.0
19 error npm  v3.10.10
20 error file sh
21 error code ELIFECYCLE
22 error errno ENOENT
23 error syscall spawn
24 error webpack-workshop@1.0.0 dev: `webpack-dev-server --hot --inline`
24 error spawn ENOENT
25 error Failed at the webpack-workshop@1.0.0 dev script 'webpack-dev-server --hot --inline'.
25 error Make sure you have the latest version of node.js and npm installed.
25 error If you do, this is most likely a problem with the webpack-workshop package,
25 error not with npm itself.
25 error Tell the author that this fails on your system:
25 error     webpack-dev-server --hot --inline
25 error You can get information on how to open an issue for this project with:
25 error     npm bugs webpack-workshop
25 error Or if that isn't available, you can get their info via:
25 error     npm owner ls webpack-workshop
25 error There is likely additional logging output above.
26 verbose exit [ 1, true ]
